<?xml version="1.0" encoding="UTF-8"?>
<!-- Generated by org.testng.reporters.JUnitXMLReporter -->
<testsuite hostname="ip-172-31-32-197" ignored="0" name="AssertTest" tests="5" failures="0" timestamp="2021-04-08T16:43:18 UTC" time="4.627" errors="0">
  <testcase name="hardAssert" time="0.001" classname="com.ecom.werbapp.test.AssertionTest"/>
  <testcase name="lauchFireFoxTest" time="3.135" classname="com.ecom.werbapp.test.SoftAssertWithFacebookLogin"/>
  <testcase name="softAssert" time="0.012" classname="com.ecom.werbapp.test.AssertionTest"/>
  <testcase name="testToVerifyLogin" time="0.796" classname="com.ecom.werbapp.test.SoftAssertWithFacebookLogin"/>
  <testcase name="testLoginFailureOutput" time="0.674" classname="com.ecom.werbapp.test.SoftAssertWithFacebookLogin"/>
</testsuite> <!-- AssertTest -->
