<?xml version="1.0" encoding="UTF-8"?>
<!-- Generated by org.testng.reporters.JUnitXMLReporter -->
<testsuite hostname="ip-172-31-32-197" ignored="0" name="GroupTest" tests="5" failures="0" timestamp="2021-04-08T16:43:26 UTC" time="7.786" errors="0">
  <testcase name="lauchChromeTest" time="2.424" classname="com.ecom.werbapp.test.TestNgGroupTest"/>
  <testcase name="lauchFireFoxTest" time="3.718" classname="com.ecom.werbapp.test.TestNgGroupTest"/>
  <testcase name="testAmazonHomePageTitle" time="0.014" classname="com.ecom.werbapp.test.TestNgGroupTest"/>
  <testcase name="testToVerifyLogin" time="1.502" classname="com.ecom.werbapp.test.TestNgGroupTest"/>
  <testcase name="testAmazonHomePageSourceURL" time="0.119" classname="com.ecom.werbapp.test.TestNgGroupTest"/>
</testsuite> <!-- GroupTest -->
