<?xml version="1.0" encoding="UTF-8"?>
<!-- Generated by org.testng.reporters.JUnitXMLReporter -->
<testsuite hostname="ip-172-31-32-197" ignored="0" name="HomeTest" tests="2" failures="0" timestamp="2021-04-08T14:54:33 UTC" time="11.646" errors="0">
  <testcase name="testAmazonHomePageSourceURL" time="0.13" classname="com.ecom.werbapp.test.AmazonHomePageTest"/>
  <testcase name="testAmazonHomePageTitle" time="0.04" classname="com.ecom.werbapp.test.AmazonHomePageTest"/>
</testsuite> <!-- HomeTest -->
