<?xml version="1.0" encoding="UTF-8"?>
<!-- Generated by org.testng.reporters.JUnitXMLReporter -->
<testsuite hostname="ip-172-31-32-197" ignored="0" name="HomePageTest" tests="4" failures="0" timestamp="2021-04-08T15:00:00 UTC" time="24.452" errors="0">
  <testcase name="testAmazonHomePageSourceURL" time="0.115" classname="com.ecom.werbapp.test.AmazonHomePageTest"/>
  <testcase name="testAmazonHomePageTitle" time="0.023" classname="com.ecom.werbapp.test.AmazonHomePageTest"/>
  <testcase name="testMobileNavigationLink" time="2.44" classname="com.ecom.werbapp.test.AmazonNavigationTest"/>
  <testcase name="testTodaysDealNavigationLink" time="2.385" classname="com.ecom.werbapp.test.AmazonNavigationTest"/>
</testsuite> <!-- HomePageTest -->
