<?xml version="1.0" encoding="UTF-8"?>
<!-- Generated by org.testng.reporters.JUnitXMLReporter -->
<testsuite hostname="ip-172-31-32-197" ignored="0" name="HomePageTest" tests="4" failures="0" timestamp="2021-04-08T16:43:13 UTC" time="27.937" errors="0">
  <testcase name="testAmazonHomePageSourceURL" time="0.101" classname="com.ecom.werbapp.test.AmazonHomePageTest"/>
  <testcase name="testAmazonHomePageTitle" time="0.052" classname="com.ecom.werbapp.test.AmazonHomePageTest"/>
  <testcase name="testMobileNavigationLink" time="2.648" classname="com.ecom.werbapp.test.AmazonNavigationTest"/>
  <testcase name="testTodaysDealNavigationLink" time="2.741" classname="com.ecom.werbapp.test.AmazonNavigationTest"/>
</testsuite> <!-- HomePageTest -->
