<?xml version="1.0" encoding="UTF-8"?>
<!-- Generated by org.testng.reporters.JUnitXMLReporter -->
<testsuite hostname="ip-172-31-32-197" ignored="0" name="Default test" tests="3" failures="0" timestamp="2021-04-08T16:27:49 UTC" time="5.19" errors="0">
  <testcase name="lauchFireFoxTest" time="3.619" classname="com.ecom.werbapp.test.SoftAssertWithFacebookLogin"/>
  <testcase name="testToVerifyLogin" time="0.912" classname="com.ecom.werbapp.test.SoftAssertWithFacebookLogin"/>
  <testcase name="testLoginFailureOutput" time="0.594" classname="com.ecom.werbapp.test.SoftAssertWithFacebookLogin"/>
</testsuite> <!-- Default test -->
