<?xml version="1.0" encoding="UTF-8"?>
<!-- Generated by org.testng.reporters.JUnitXMLReporter -->
<testsuite hostname="ip-172-31-32-197" ignored="0" name="Default test" tests="2" failures="0" timestamp="2021-04-08T14:47:15 UTC" time="12.035" errors="0">
  <testcase name="testAmazonHomePageSourceURL" time="0.104" classname="com.ecom.werbapp.test.AmazonHomePageTest"/>
  <testcase name="testAmazonHomePageTitle" time="0.063" classname="com.ecom.werbapp.test.AmazonHomePageTest"/>
</testsuite> <!-- Default test -->
