<?xml version="1.0" encoding="UTF-8"?>
<testng-results skipped="0" failed="0" ignored="0" total="5" passed="5">
  <reporter-output>
  </reporter-output>
  <suite name="Default suite" duration-ms="10910" started-at="2021-04-08T15:38:10 UTC" finished-at="2021-04-08T15:38:20 UTC">
    <groups>
      <group name="Chrome">
        <method signature="TestNgGroupTest.lauchChromeTest()[pri:0, instance:com.ecom.werbapp.test.TestNgGroupTest@9660f4e]" name="lauchChromeTest" class="com.ecom.werbapp.test.TestNgGroupTest"/>
        <method signature="TestNgGroupTest.testAmazonHomePageSourceURL()[pri:2, instance:com.ecom.werbapp.test.TestNgGroupTest@9660f4e]" name="testAmazonHomePageSourceURL" class="com.ecom.werbapp.test.TestNgGroupTest"/>
        <method signature="TestNgGroupTest.testAmazonHomePageTitle()[pri:1, instance:com.ecom.werbapp.test.TestNgGroupTest@9660f4e]" name="testAmazonHomePageTitle" class="com.ecom.werbapp.test.TestNgGroupTest"/>
      </group> <!-- Chrome -->
      <group name="FireFox">
        <method signature="TestNgGroupTest.lauchFireFoxTest()[pri:0, instance:com.ecom.werbapp.test.TestNgGroupTest@9660f4e]" name="lauchFireFoxTest" class="com.ecom.werbapp.test.TestNgGroupTest"/>
        <method signature="TestNgGroupTest.testToVerifyLogin()[pri:1, instance:com.ecom.werbapp.test.TestNgGroupTest@9660f4e]" name="testToVerifyLogin" class="com.ecom.werbapp.test.TestNgGroupTest"/>
      </group> <!-- FireFox -->
    </groups>
    <test name="Default test" duration-ms="10910" started-at="2021-04-08T15:38:10 UTC" finished-at="2021-04-08T15:38:20 UTC">
      <class name="com.ecom.werbapp.test.TestNgGroupTest">
        <test-method status="PASS" signature="lauchChromeTest()[pri:0, instance:com.ecom.werbapp.test.TestNgGroupTest@9660f4e]" name="lauchChromeTest" duration-ms="3537" started-at="2021-04-08T15:38:10 UTC" description="Testng Test Group" finished-at="2021-04-08T15:38:13 UTC">
          <reporter-output>
          </reporter-output>
        </test-method> <!-- lauchChromeTest -->
        <test-method status="PASS" signature="lauchFireFoxTest()[pri:0, instance:com.ecom.werbapp.test.TestNgGroupTest@9660f4e]" name="lauchFireFoxTest" duration-ms="5272" started-at="2021-04-08T15:38:13 UTC" description="Testng Test Group" finished-at="2021-04-08T15:38:18 UTC">
          <reporter-output>
          </reporter-output>
        </test-method> <!-- lauchFireFoxTest -->
        <test-method status="PASS" signature="testAmazonHomePageTitle()[pri:1, instance:com.ecom.werbapp.test.TestNgGroupTest@9660f4e]" name="testAmazonHomePageTitle" duration-ms="19" started-at="2021-04-08T15:38:18 UTC" description="Testng Test Group" depends-on-methods="com.ecom.werbapp.test.TestNgGroupTest.lauchChromeTest" finished-at="2021-04-08T15:38:18 UTC">
          <reporter-output>
          </reporter-output>
        </test-method> <!-- testAmazonHomePageTitle -->
        <test-method status="PASS" signature="testToVerifyLogin()[pri:1, instance:com.ecom.werbapp.test.TestNgGroupTest@9660f4e]" name="testToVerifyLogin" duration-ms="1875" started-at="2021-04-08T15:38:18 UTC" description="Testng Test Group" depends-on-methods="com.ecom.werbapp.test.TestNgGroupTest.lauchFireFoxTest" finished-at="2021-04-08T15:38:20 UTC">
          <reporter-output>
          </reporter-output>
        </test-method> <!-- testToVerifyLogin -->
        <test-method status="PASS" signature="testAmazonHomePageSourceURL()[pri:2, instance:com.ecom.werbapp.test.TestNgGroupTest@9660f4e]" name="testAmazonHomePageSourceURL" duration-ms="127" started-at="2021-04-08T15:38:20 UTC" description="Testng Test Group" depends-on-methods="com.ecom.werbapp.test.TestNgGroupTest.lauchChromeTest" finished-at="2021-04-08T15:38:20 UTC">
          <reporter-output>
          </reporter-output>
        </test-method> <!-- testAmazonHomePageSourceURL -->
      </class> <!-- com.ecom.werbapp.test.TestNgGroupTest -->
    </test> <!-- Default test -->
  </suite> <!-- Default suite -->
</testng-results>
